[13:44:14] [ServerMain/INFO]: Building unoptimized datafixer
[13:44:15] [ServerMain/INFO]: Environment: authHost='https://authserver.mojang.com', accountsHost='https://api.mojang.com', sessionHost='https://sessionserver.mojang.com', servicesHost='https://api.minecraftservices.com', name='PROD'
[13:44:16] [ServerMain/INFO]: Loaded 7 recipes
[13:44:16] [ServerMain/INFO]: Loaded 1179 advancements
[13:44:17] [Server thread/INFO]: Starting minecraft server version 1.19
[13:44:17] [Server thread/INFO]: Loading properties
[13:44:17] [Server thread/INFO]: Default game type: SURVIVAL
[13:44:17] [Server thread/INFO]: Generating keypair
[13:44:17] [Server thread/INFO]: Starting Minecraft server on *:25565
[13:44:17] [Server thread/INFO]: Using default channel type
[13:44:17] [Server thread/WARN]: **** SERVER IS RUNNING IN OFFLINE/INSECURE MODE!
[13:44:17] [Server thread/WARN]: The server will make no attempt to authenticate usernames. Beware.
[13:44:17] [Server thread/WARN]: While this makes the game possible to play without internet access, it also opens up the ability for hackers to connect with any username they choose.
[13:44:17] [Server thread/WARN]: To change this, set "online-mode" to "true" in the server.properties file.
[13:44:17] [Server thread/INFO]: Preparing level "world"
[13:44:17] [Server thread/INFO]: Preparing start region for dimension minecraft:overworld
[13:44:19] [Worker-Main-10/INFO]: Preparing spawn area: 0%
[13:44:19] [Worker-Main-10/INFO]: Preparing spawn area: 0%
[13:44:19] [Worker-Main-10/INFO]: Preparing spawn area: 0%
[13:44:19] [Worker-Main-10/INFO]: Preparing spawn area: 0%
[13:44:19] [Worker-Main-10/INFO]: Preparing spawn area: 0%
[13:44:20] [Worker-Main-3/INFO]: Preparing spawn area: 30%
[13:44:20] [Server thread/INFO]: Time elapsed: 2773 ms
[13:44:20] [Server thread/INFO]: Done (2.890s)! For help, type "help"
[13:46:34] [Server thread/INFO]: Unknown or incomplete command, see below for error
[13:46:34] [Server thread/INFO]: op<--[HERE]
[13:46:38] [Server thread/INFO]: gembel666[/127.0.0.1:59415] logged in with entity id 256 at (-74.21418835461986, 88.0, -179.74965046861266)
[13:46:38] [Server thread/INFO]: gembel666 joined the game
[13:46:49] [Server thread/INFO]: Made gembel666 a server operator
[13:46:57] [Server thread/INFO]: [gembel666: Set own game mode to Creative Mode]
[13:48:15] [Server thread/INFO]: gembel666 lost connection: Disconnected
[13:48:15] [Server thread/INFO]: gembel666 left the game
